<?xml version="1.0" encoding="UTF-8"?>
<testsuite name="com.example.springbootwebservice.web.PostsApiControllerTest" tests="2" skipped="0" failures="0" errors="0" timestamp="2022-08-12T13:21:17" hostname="YUNs-MacBookPro.local" time="0.04">
  <properties/>
  <testcase name="Posts_등록된다()" classname="com.example.springbootwebservice.web.PostsApiControllerTest" time="0.024"/>
  <testcase name="Posts_수정된다()" classname="com.example.springbootwebservice.web.PostsApiControllerTest" time="0.015"/>
  <system-out><![CDATA[2022-08-12 22:21:17.677  INFO 83608 --- [    Test worker] .b.t.c.SpringBootTestContextBootstrapper : Neither @ContextConfiguration nor @ContextHierarchy found for test class [com.example.springbootwebservice.web.PostsApiControllerTest], using SpringBootContextLoader
2022-08-12 22:21:17.677  INFO 83608 --- [    Test worker] o.s.t.c.support.AbstractContextLoader    : Could not detect default resource locations for test class [com.example.springbootwebservice.web.PostsApiControllerTest]: no resource found for suffixes {-context.xml, Context.groovy}.
2022-08-12 22:21:17.677  INFO 83608 --- [    Test worker] t.c.s.AnnotationConfigContextLoaderUtils : Could not detect default configuration classes for test class [com.example.springbootwebservice.web.PostsApiControllerTest]: PostsApiControllerTest does not declare any static, non-private, non-final, nested classes annotated with @Configuration.
2022-08-12 22:21:17.678  INFO 83608 --- [    Test worker] .b.t.c.SpringBootTestContextBootstrapper : Found @SpringBootConfiguration com.example.springbootwebservice.SpringBootWebserviceApplication for test class com.example.springbootwebservice.web.PostsApiControllerTest
2022-08-12 22:21:17.678  INFO 83608 --- [    Test worker] .b.t.c.SpringBootTestContextBootstrapper : Loaded default TestExecutionListener class names from location [META-INF/spring.factories]: [org.springframework.security.test.context.support.WithSecurityContextTestExecutionListener, org.springframework.security.test.context.support.ReactorContextTestExecutionListener, org.springframework.boot.test.autoconfigure.restdocs.RestDocsTestExecutionListener, org.springframework.boot.test.autoconfigure.web.client.MockRestServiceServerResetTestExecutionListener, org.springframework.boot.test.autoconfigure.web.servlet.MockMvcPrintOnlyOnFailureTestExecutionListener, org.springframework.boot.test.autoconfigure.web.servlet.WebDriverTestExecutionListener, org.springframework.boot.test.autoconfigure.webservices.client.MockWebServiceServerTestExecutionListener, org.springframework.boot.test.mock.mockito.MockitoTestExecutionListener, org.springframework.boot.test.mock.mockito.ResetMocksTestExecutionListener, org.springframework.test.context.web.ServletTestExecutionListener, org.springframework.test.context.support.DirtiesContextBeforeModesTestExecutionListener, org.springframework.test.context.event.ApplicationEventsTestExecutionListener, org.springframework.test.context.support.DependencyInjectionTestExecutionListener, org.springframework.test.context.support.DirtiesContextTestExecutionListener, org.springframework.test.context.transaction.TransactionalTestExecutionListener, org.springframework.test.context.jdbc.SqlScriptsTestExecutionListener, org.springframework.test.context.event.EventPublishingTestExecutionListener]
2022-08-12 22:21:17.678  INFO 83608 --- [    Test worker] .b.t.c.SpringBootTestContextBootstrapper : Using TestExecutionListeners: [org.springframework.test.context.web.ServletTestExecutionListener@33c6c4f, org.springframework.test.context.support.DirtiesContextBeforeModesTestExecutionListener@4e502162, org.springframework.test.context.event.ApplicationEventsTestExecutionListener@1dade178, org.springframework.boot.test.mock.mockito.MockitoTestExecutionListener@561494af, org.springframework.boot.test.autoconfigure.SpringBootDependencyInjectionTestExecutionListener@362ad436, org.springframework.test.context.support.DirtiesContextTestExecutionListener@79beb8a0, org.springframework.test.context.transaction.TransactionalTestExecutionListener@b6a20ce, org.springframework.test.context.jdbc.SqlScriptsTestExecutionListener@79296ce0, org.springframework.security.test.context.support.WithSecurityContextTestExecutionListener@19c28c97, org.springframework.test.context.event.EventPublishingTestExecutionListener@15b54cb7, org.springframework.security.test.context.support.ReactorContextTestExecutionListener@4f03729f, org.springframework.boot.test.autoconfigure.restdocs.RestDocsTestExecutionListener@7d7f49f3, org.springframework.boot.test.autoconfigure.web.client.MockRestServiceServerResetTestExecutionListener@70d4c4ff, org.springframework.boot.test.autoconfigure.web.servlet.MockMvcPrintOnlyOnFailureTestExecutionListener@4fbbfea6, org.springframework.boot.test.autoconfigure.web.servlet.WebDriverTestExecutionListener@1bf8ea44, org.springframework.boot.test.autoconfigure.webservices.client.MockWebServiceServerTestExecutionListener@1ccf1819, org.springframework.boot.test.mock.mockito.ResetMocksTestExecutionListener@4a6ac443]
2022-08-12 22:21:17.682  INFO 83608 --- [    Test worker] o.a.c.c.C.[Tomcat].[localhost].[/]       : Initializing Spring TestDispatcherServlet ''
2022-08-12 22:21:17.683  INFO 83608 --- [    Test worker] o.s.t.web.servlet.TestDispatcherServlet  : Initializing Servlet ''
2022-08-12 22:21:17.683  INFO 83608 --- [    Test worker] o.s.t.web.servlet.TestDispatcherServlet  : Completed initialization in 0 ms
Hibernate: insert into posts (created_date, modified_date, author, content, title) values (?, ?, ?, ?, ?)
Hibernate: select posts0_.id as id1_0_, posts0_.created_date as created_2_0_, posts0_.modified_date as modified3_0_, posts0_.author as author4_0_, posts0_.content as content5_0_, posts0_.title as title6_0_ from posts posts0_
Hibernate: select posts0_.id as id1_0_, posts0_.created_date as created_2_0_, posts0_.modified_date as modified3_0_, posts0_.author as author4_0_, posts0_.content as content5_0_, posts0_.title as title6_0_ from posts posts0_
Hibernate: delete from posts where id=?
2022-08-12 22:21:17.706  INFO 83608 --- [    Test worker] o.a.c.c.C.[Tomcat].[localhost].[/]       : Initializing Spring TestDispatcherServlet ''
2022-08-12 22:21:17.706  INFO 83608 --- [    Test worker] o.s.t.web.servlet.TestDispatcherServlet  : Initializing Servlet ''
2022-08-12 22:21:17.706  INFO 83608 --- [    Test worker] o.s.t.web.servlet.TestDispatcherServlet  : Completed initialization in 0 ms
Hibernate: insert into posts (created_date, modified_date, author, content, title) values (?, ?, ?, ?, ?)
Hibernate: select posts0_.id as id1_0_0_, posts0_.created_date as created_2_0_0_, posts0_.modified_date as modified3_0_0_, posts0_.author as author4_0_0_, posts0_.content as content5_0_0_, posts0_.title as title6_0_0_ from posts posts0_ where posts0_.id=?
Hibernate: update posts set created_date=?, modified_date=?, author=?, content=?, title=? where id=?
Hibernate: select posts0_.id as id1_0_, posts0_.created_date as created_2_0_, posts0_.modified_date as modified3_0_, posts0_.author as author4_0_, posts0_.content as content5_0_, posts0_.title as title6_0_ from posts posts0_
Hibernate: select posts0_.id as id1_0_, posts0_.created_date as created_2_0_, posts0_.modified_date as modified3_0_, posts0_.author as author4_0_, posts0_.content as content5_0_, posts0_.title as title6_0_ from posts posts0_
Hibernate: delete from posts where id=?
]]></system-out>
  <system-err><![CDATA[]]></system-err>
</testsuite>
