<?xml version="1.0" encoding="UTF-8"?>
<testsuite name="com.example.springbootwebservice.web.IndexControllerTest" tests="1" skipped="0" failures="0" errors="0" timestamp="2022-08-12T12:21:04" hostname="YUNs-MacBookPro.local" time="0.066">
  <properties/>
  <testcase name="메인페이지_로딩()" classname="com.example.springbootwebservice.web.IndexControllerTest" time="0.066"/>
  <system-out><![CDATA[2022-08-12 21:21:03.522  INFO 58331 --- [    Test worker] .b.t.c.SpringBootTestContextBootstrapper : Neither @ContextConfiguration nor @ContextHierarchy found for test class [com.example.springbootwebservice.web.IndexControllerTest], using SpringBootContextLoader
2022-08-12 21:21:03.523  INFO 58331 --- [    Test worker] o.s.t.c.support.AbstractContextLoader    : Could not detect default resource locations for test class [com.example.springbootwebservice.web.IndexControllerTest]: no resource found for suffixes {-context.xml, Context.groovy}.
2022-08-12 21:21:03.523  INFO 58331 --- [    Test worker] t.c.s.AnnotationConfigContextLoaderUtils : Could not detect default configuration classes for test class [com.example.springbootwebservice.web.IndexControllerTest]: IndexControllerTest does not declare any static, non-private, non-final, nested classes annotated with @Configuration.
2022-08-12 21:21:03.523  INFO 58331 --- [    Test worker] .b.t.c.SpringBootTestContextBootstrapper : Found @SpringBootConfiguration com.example.springbootwebservice.SpringBootWebserviceApplication for test class com.example.springbootwebservice.web.IndexControllerTest
2022-08-12 21:21:03.524  INFO 58331 --- [    Test worker] .b.t.c.SpringBootTestContextBootstrapper : Loaded default TestExecutionListener class names from location [META-INF/spring.factories]: [org.springframework.security.test.context.support.WithSecurityContextTestExecutionListener, org.springframework.security.test.context.support.ReactorContextTestExecutionListener, org.springframework.boot.test.autoconfigure.restdocs.RestDocsTestExecutionListener, org.springframework.boot.test.autoconfigure.web.client.MockRestServiceServerResetTestExecutionListener, org.springframework.boot.test.autoconfigure.web.servlet.MockMvcPrintOnlyOnFailureTestExecutionListener, org.springframework.boot.test.autoconfigure.web.servlet.WebDriverTestExecutionListener, org.springframework.boot.test.autoconfigure.webservices.client.MockWebServiceServerTestExecutionListener, org.springframework.boot.test.mock.mockito.MockitoTestExecutionListener, org.springframework.boot.test.mock.mockito.ResetMocksTestExecutionListener, org.springframework.test.context.web.ServletTestExecutionListener, org.springframework.test.context.support.DirtiesContextBeforeModesTestExecutionListener, org.springframework.test.context.event.ApplicationEventsTestExecutionListener, org.springframework.test.context.support.DependencyInjectionTestExecutionListener, org.springframework.test.context.support.DirtiesContextTestExecutionListener, org.springframework.test.context.transaction.TransactionalTestExecutionListener, org.springframework.test.context.jdbc.SqlScriptsTestExecutionListener, org.springframework.test.context.event.EventPublishingTestExecutionListener]
2022-08-12 21:21:03.524  INFO 58331 --- [    Test worker] .b.t.c.SpringBootTestContextBootstrapper : Using TestExecutionListeners: [org.springframework.test.context.web.ServletTestExecutionListener@33c91567, org.springframework.test.context.support.DirtiesContextBeforeModesTestExecutionListener@17baaf07, org.springframework.test.context.event.ApplicationEventsTestExecutionListener@3d5009c0, org.springframework.boot.test.mock.mockito.MockitoTestExecutionListener@7f478529, org.springframework.boot.test.autoconfigure.SpringBootDependencyInjectionTestExecutionListener@45ed58b, org.springframework.test.context.support.DirtiesContextTestExecutionListener@465e9090, org.springframework.test.context.transaction.TransactionalTestExecutionListener@7bfd8f92, org.springframework.test.context.jdbc.SqlScriptsTestExecutionListener@38503309, org.springframework.security.test.context.support.WithSecurityContextTestExecutionListener@4ad04b05, org.springframework.test.context.event.EventPublishingTestExecutionListener@78b888df, org.springframework.security.test.context.support.ReactorContextTestExecutionListener@6f2e0945, org.springframework.boot.test.autoconfigure.restdocs.RestDocsTestExecutionListener@565fa7d2, org.springframework.boot.test.autoconfigure.web.client.MockRestServiceServerResetTestExecutionListener@1e1f467f, org.springframework.boot.test.autoconfigure.web.servlet.MockMvcPrintOnlyOnFailureTestExecutionListener@22dddb13, org.springframework.boot.test.autoconfigure.web.servlet.WebDriverTestExecutionListener@3d268a2c, org.springframework.boot.test.autoconfigure.webservices.client.MockWebServiceServerTestExecutionListener@16ecdb6d, org.springframework.boot.test.mock.mockito.ResetMocksTestExecutionListener@72a45b71]

  .   ____          _            __ _ _
 /\\ / ___'_ __ _ _(_)_ __  __ _ \ \ \ \
( ( )\___ | '_ | '_| | '_ \/ _` | \ \ \ \
 \\/  ___)| |_)| | | | | || (_| |  ) ) ) )
  '  |____| .__|_| |_|_| |_\__, | / / / /
 =========|_|==============|___/=/_/_/_/
 :: Spring Boot ::                (v2.7.2)

2022-08-12 21:21:03.534  INFO 58331 --- [    Test worker] c.e.s.web.IndexControllerTest            : Starting IndexControllerTest using Java 18.0.2 on YUNs-MacBookPro.local with PID 58331 (started by yun in /Users/yun/Desktop/YUN/spring-boot-webservice)
2022-08-12 21:21:03.534  INFO 58331 --- [    Test worker] c.e.s.web.IndexControllerTest            : The following 1 profile is active: "oauth"
2022-08-12 21:21:03.600  INFO 58331 --- [    Test worker] .s.d.r.c.RepositoryConfigurationDelegate : Bootstrapping Spring Data JPA repositories in DEFAULT mode.
2022-08-12 21:21:03.604  INFO 58331 --- [    Test worker] .s.d.r.c.RepositoryConfigurationDelegate : Finished Spring Data repository scanning in 3 ms. Found 2 JPA repository interfaces.
2022-08-12 21:21:03.700  INFO 58331 --- [    Test worker] o.s.b.w.embedded.tomcat.TomcatWebServer  : Tomcat initialized with port(s): 0 (http)
2022-08-12 21:21:03.705  INFO 58331 --- [    Test worker] o.apache.catalina.core.StandardService   : Starting service [Tomcat]
2022-08-12 21:21:03.705  INFO 58331 --- [    Test worker] org.apache.catalina.core.StandardEngine  : Starting Servlet engine: [Apache Tomcat/9.0.65]
2022-08-12 21:21:03.756  INFO 58331 --- [    Test worker] o.a.c.c.C.[Tomcat].[localhost].[/]       : Initializing Spring embedded WebApplicationContext
2022-08-12 21:21:03.756  INFO 58331 --- [    Test worker] w.s.c.ServletWebServerApplicationContext : Root WebApplicationContext: initialization completed in 221 ms
2022-08-12 21:21:03.765  INFO 58331 --- [    Test worker] com.zaxxer.hikari.HikariDataSource       : HikariPool-2 - Starting...
2022-08-12 21:21:03.766  INFO 58331 --- [    Test worker] com.zaxxer.hikari.HikariDataSource       : HikariPool-2 - Start completed.
2022-08-12 21:21:03.766  INFO 58331 --- [    Test worker] o.s.b.a.h2.H2ConsoleAutoConfiguration    : H2 console available at '/h2-console'. Database available at 'jdbc:h2:mem://localhost/~/testdb'
2022-08-12 21:21:03.812  INFO 58331 --- [    Test worker] o.hibernate.jpa.internal.util.LogHelper  : HHH000204: Processing PersistenceUnitInfo [name: default]
2022-08-12 21:21:03.814  INFO 58331 --- [    Test worker] org.hibernate.dialect.Dialect            : HHH000400: Using dialect: org.hibernate.dialect.MySQL57Dialect
Hibernate: drop table if exists posts
Hibernate: drop table if exists users
Hibernate: create table posts (id bigint not null auto_increment, created_date datetime(6), modified_date datetime(6), author varchar(255), content TEXT not null, title varchar(500) not null, primary key (id)) engine=InnoDB
Hibernate: create table users (id bigint not null auto_increment, email varchar(255) not null, name varchar(255) not null, picture varchar(255), role varchar(255) not null, primary key (id)) engine=InnoDB
2022-08-12 21:21:03.829  INFO 58331 --- [    Test worker] o.h.e.t.j.p.i.JtaPlatformInitiator       : HHH000490: Using JtaPlatform implementation: [org.hibernate.engine.transaction.jta.platform.internal.NoJtaPlatform]
2022-08-12 21:21:03.830  INFO 58331 --- [    Test worker] j.LocalContainerEntityManagerFactoryBean : Initialized JPA EntityManagerFactory for persistence unit 'default'
2022-08-12 21:21:03.895  INFO 58331 --- [    Test worker] o.s.s.web.DefaultSecurityFilterChain     : Will secure any request with [org.springframework.security.web.session.DisableEncodeUrlFilter@41c7ef69, org.springframework.security.web.context.request.async.WebAsyncManagerIntegrationFilter@15e86d24, org.springframework.security.web.context.SecurityContextPersistenceFilter@68ad030d, org.springframework.security.web.header.HeaderWriterFilter@57af157c, org.springframework.security.web.authentication.logout.LogoutFilter@4b158e16, org.springframework.security.oauth2.client.web.OAuth2AuthorizationRequestRedirectFilter@ebcf6c0, org.springframework.security.oauth2.client.web.OAuth2LoginAuthenticationFilter@438fcca3, org.springframework.security.web.authentication.ui.DefaultLoginPageGeneratingFilter@4eda5325, org.springframework.security.web.authentication.ui.DefaultLogoutPageGeneratingFilter@7c0b83af, org.springframework.security.web.savedrequest.RequestCacheAwareFilter@71de943f, org.springframework.security.web.servletapi.SecurityContextHolderAwareRequestFilter@5e756b8d, org.springframework.security.web.authentication.AnonymousAuthenticationFilter@415cb259, org.springframework.security.web.session.SessionManagementFilter@765ccc7a, org.springframework.security.web.access.ExceptionTranslationFilter@5b285847, org.springframework.security.web.access.intercept.FilterSecurityInterceptor@6e774194]
2022-08-12 21:21:03.908  WARN 58331 --- [    Test worker] JpaBaseConfiguration$JpaWebConfiguration : spring.jpa.open-in-view is enabled by default. Therefore, database queries may be performed during view rendering. Explicitly configure spring.jpa.open-in-view to disable this warning
2022-08-12 21:21:03.940  INFO 58331 --- [    Test worker] o.s.b.a.w.s.WelcomePageHandlerMapping    : Adding welcome page template: index
2022-08-12 21:21:03.998  INFO 58331 --- [    Test worker] o.s.b.w.embedded.tomcat.TomcatWebServer  : Tomcat started on port(s): 51509 (http) with context path ''
2022-08-12 21:21:04.000  INFO 58331 --- [    Test worker] c.e.s.web.IndexControllerTest            : Started IndexControllerTest in 0.475 seconds (JVM running for 3.15)
2022-08-12 21:21:04.033  INFO 58331 --- [o-auto-1-exec-1] o.a.c.c.C.[Tomcat].[localhost].[/]       : Initializing Spring DispatcherServlet 'dispatcherServlet'
2022-08-12 21:21:04.033  INFO 58331 --- [o-auto-1-exec-1] o.s.web.servlet.DispatcherServlet        : Initializing Servlet 'dispatcherServlet'
2022-08-12 21:21:04.034  INFO 58331 --- [o-auto-1-exec-1] o.s.web.servlet.DispatcherServlet        : Completed initialization in 1 ms
Hibernate: select posts0_.id as id1_0_, posts0_.created_date as created_2_0_, posts0_.modified_date as modified3_0_, posts0_.author as author4_0_, posts0_.content as content5_0_, posts0_.title as title6_0_ from posts posts0_ order by posts0_.id desc
]]></system-out>
  <system-err><![CDATA[]]></system-err>
</testsuite>
