<?xml version="1.0" encoding="UTF-8"?>
<testsuite name="com.example.springbootwebservice.web.IndexControllerTest" tests="1" skipped="0" failures="0" errors="0" timestamp="2022-08-12T13:21:17" hostname="YUNs-MacBookPro.local" time="0.058">
  <properties/>
  <testcase name="메인페이지_로딩()" classname="com.example.springbootwebservice.web.IndexControllerTest" time="0.058"/>
  <system-out><![CDATA[2022-08-12 22:21:17.099  INFO 83608 --- [    Test worker] .b.t.c.SpringBootTestContextBootstrapper : Neither @ContextConfiguration nor @ContextHierarchy found for test class [com.example.springbootwebservice.web.IndexControllerTest], using SpringBootContextLoader
2022-08-12 22:21:17.100  INFO 83608 --- [    Test worker] o.s.t.c.support.AbstractContextLoader    : Could not detect default resource locations for test class [com.example.springbootwebservice.web.IndexControllerTest]: no resource found for suffixes {-context.xml, Context.groovy}.
2022-08-12 22:21:17.100  INFO 83608 --- [    Test worker] t.c.s.AnnotationConfigContextLoaderUtils : Could not detect default configuration classes for test class [com.example.springbootwebservice.web.IndexControllerTest]: IndexControllerTest does not declare any static, non-private, non-final, nested classes annotated with @Configuration.
2022-08-12 22:21:17.100  INFO 83608 --- [    Test worker] .b.t.c.SpringBootTestContextBootstrapper : Found @SpringBootConfiguration com.example.springbootwebservice.SpringBootWebserviceApplication for test class com.example.springbootwebservice.web.IndexControllerTest
2022-08-12 22:21:17.101  INFO 83608 --- [    Test worker] .b.t.c.SpringBootTestContextBootstrapper : Loaded default TestExecutionListener class names from location [META-INF/spring.factories]: [org.springframework.security.test.context.support.WithSecurityContextTestExecutionListener, org.springframework.security.test.context.support.ReactorContextTestExecutionListener, org.springframework.boot.test.autoconfigure.restdocs.RestDocsTestExecutionListener, org.springframework.boot.test.autoconfigure.web.client.MockRestServiceServerResetTestExecutionListener, org.springframework.boot.test.autoconfigure.web.servlet.MockMvcPrintOnlyOnFailureTestExecutionListener, org.springframework.boot.test.autoconfigure.web.servlet.WebDriverTestExecutionListener, org.springframework.boot.test.autoconfigure.webservices.client.MockWebServiceServerTestExecutionListener, org.springframework.boot.test.mock.mockito.MockitoTestExecutionListener, org.springframework.boot.test.mock.mockito.ResetMocksTestExecutionListener, org.springframework.test.context.web.ServletTestExecutionListener, org.springframework.test.context.support.DirtiesContextBeforeModesTestExecutionListener, org.springframework.test.context.event.ApplicationEventsTestExecutionListener, org.springframework.test.context.support.DependencyInjectionTestExecutionListener, org.springframework.test.context.support.DirtiesContextTestExecutionListener, org.springframework.test.context.transaction.TransactionalTestExecutionListener, org.springframework.test.context.jdbc.SqlScriptsTestExecutionListener, org.springframework.test.context.event.EventPublishingTestExecutionListener]
2022-08-12 22:21:17.101  INFO 83608 --- [    Test worker] .b.t.c.SpringBootTestContextBootstrapper : Using TestExecutionListeners: [org.springframework.test.context.web.ServletTestExecutionListener@37ecc472, org.springframework.test.context.support.DirtiesContextBeforeModesTestExecutionListener@27311c99, org.springframework.test.context.event.ApplicationEventsTestExecutionListener@76ac3ad0, org.springframework.boot.test.mock.mockito.MockitoTestExecutionListener@1e6be9f0, org.springframework.boot.test.autoconfigure.SpringBootDependencyInjectionTestExecutionListener@4ff5711b, org.springframework.test.context.support.DirtiesContextTestExecutionListener@608f79a8, org.springframework.test.context.transaction.TransactionalTestExecutionListener@77e2a5d3, org.springframework.test.context.jdbc.SqlScriptsTestExecutionListener@3687f6b6, org.springframework.security.test.context.support.WithSecurityContextTestExecutionListener@521e34d4, org.springframework.test.context.event.EventPublishingTestExecutionListener@49c74506, org.springframework.security.test.context.support.ReactorContextTestExecutionListener@2be9add0, org.springframework.boot.test.autoconfigure.restdocs.RestDocsTestExecutionListener@2252dc5d, org.springframework.boot.test.autoconfigure.web.client.MockRestServiceServerResetTestExecutionListener@149e457, org.springframework.boot.test.autoconfigure.web.servlet.MockMvcPrintOnlyOnFailureTestExecutionListener@72557e0d, org.springframework.boot.test.autoconfigure.web.servlet.WebDriverTestExecutionListener@14b4caba, org.springframework.boot.test.autoconfigure.webservices.client.MockWebServiceServerTestExecutionListener@20305c45, org.springframework.boot.test.mock.mockito.ResetMocksTestExecutionListener@6e157f48]

  .   ____          _            __ _ _
 /\\ / ___'_ __ _ _(_)_ __  __ _ \ \ \ \
( ( )\___ | '_ | '_| | '_ \/ _` | \ \ \ \
 \\/  ___)| |_)| | | | | || (_| |  ) ) ) )
  '  |____| .__|_| |_|_| |_\__, | / / / /
 =========|_|==============|___/=/_/_/_/
 :: Spring Boot ::                (v2.7.2)

2022-08-12 22:21:17.113  INFO 83608 --- [    Test worker] c.e.s.web.IndexControllerTest            : Starting IndexControllerTest using Java 18.0.2 on YUNs-MacBookPro.local with PID 83608 (started by yun in /Users/yun/Desktop/YUN/spring-boot-webservice)
2022-08-12 22:21:17.113  INFO 83608 --- [    Test worker] c.e.s.web.IndexControllerTest            : The following 1 profile is active: "oauth"
2022-08-12 22:21:17.165  INFO 83608 --- [    Test worker] .s.d.r.c.RepositoryConfigurationDelegate : Bootstrapping Spring Data JPA repositories in DEFAULT mode.
2022-08-12 22:21:17.170  INFO 83608 --- [    Test worker] .s.d.r.c.RepositoryConfigurationDelegate : Finished Spring Data repository scanning in 4 ms. Found 2 JPA repository interfaces.
2022-08-12 22:21:17.273  INFO 83608 --- [    Test worker] o.s.b.w.embedded.tomcat.TomcatWebServer  : Tomcat initialized with port(s): 0 (http)
2022-08-12 22:21:17.278  INFO 83608 --- [    Test worker] o.apache.catalina.core.StandardService   : Starting service [Tomcat]
2022-08-12 22:21:17.278  INFO 83608 --- [    Test worker] org.apache.catalina.core.StandardEngine  : Starting Servlet engine: [Apache Tomcat/9.0.65]
2022-08-12 22:21:17.325  INFO 83608 --- [    Test worker] o.a.c.c.C.[Tomcat].[localhost].[/]       : Initializing Spring embedded WebApplicationContext
2022-08-12 22:21:17.326  INFO 83608 --- [    Test worker] w.s.c.ServletWebServerApplicationContext : Root WebApplicationContext: initialization completed in 213 ms
2022-08-12 22:21:17.334  INFO 83608 --- [    Test worker] com.zaxxer.hikari.HikariDataSource       : HikariPool-2 - Starting...
2022-08-12 22:21:17.335  INFO 83608 --- [    Test worker] com.zaxxer.hikari.HikariDataSource       : HikariPool-2 - Start completed.
2022-08-12 22:21:17.335  INFO 83608 --- [    Test worker] o.s.b.a.h2.H2ConsoleAutoConfiguration    : H2 console available at '/h2-console'. Database available at 'jdbc:h2:mem://localhost/~/testdb'
2022-08-12 22:21:17.381  INFO 83608 --- [    Test worker] o.hibernate.jpa.internal.util.LogHelper  : HHH000204: Processing PersistenceUnitInfo [name: default]
2022-08-12 22:21:17.383  INFO 83608 --- [    Test worker] org.hibernate.dialect.Dialect            : HHH000400: Using dialect: org.hibernate.dialect.MySQL57Dialect
Hibernate: drop table if exists posts
Hibernate: drop table if exists users
Hibernate: create table posts (id bigint not null auto_increment, created_date datetime(6), modified_date datetime(6), author varchar(255), content TEXT not null, title varchar(500) not null, primary key (id)) engine=InnoDB
Hibernate: create table users (id bigint not null auto_increment, email varchar(255) not null, name varchar(255) not null, picture varchar(255), role varchar(255) not null, primary key (id)) engine=InnoDB
2022-08-12 22:21:17.403  INFO 83608 --- [    Test worker] o.h.e.t.j.p.i.JtaPlatformInitiator       : HHH000490: Using JtaPlatform implementation: [org.hibernate.engine.transaction.jta.platform.internal.NoJtaPlatform]
2022-08-12 22:21:17.403  INFO 83608 --- [    Test worker] j.LocalContainerEntityManagerFactoryBean : Initialized JPA EntityManagerFactory for persistence unit 'default'
2022-08-12 22:21:17.512  INFO 83608 --- [    Test worker] o.s.s.web.DefaultSecurityFilterChain     : Will secure any request with [org.springframework.security.web.session.DisableEncodeUrlFilter@4c2ad035, org.springframework.security.web.context.request.async.WebAsyncManagerIntegrationFilter@4b7ab262, org.springframework.security.web.context.SecurityContextPersistenceFilter@5710f755, org.springframework.security.web.header.HeaderWriterFilter@743167c7, org.springframework.security.web.authentication.logout.LogoutFilter@56da2437, org.springframework.security.oauth2.client.web.OAuth2AuthorizationRequestRedirectFilter@68b59e2f, org.springframework.security.oauth2.client.web.OAuth2LoginAuthenticationFilter@685a3c14, org.springframework.security.web.authentication.ui.DefaultLoginPageGeneratingFilter@5b1f32e2, org.springframework.security.web.authentication.ui.DefaultLogoutPageGeneratingFilter@f7a19c4, org.springframework.security.web.savedrequest.RequestCacheAwareFilter@1b78c34b, org.springframework.security.web.servletapi.SecurityContextHolderAwareRequestFilter@640890bc, org.springframework.security.web.authentication.AnonymousAuthenticationFilter@36f93ea3, org.springframework.security.web.session.SessionManagementFilter@6d5a4e59, org.springframework.security.web.access.ExceptionTranslationFilter@55732ae6, org.springframework.security.web.access.intercept.FilterSecurityInterceptor@5304cee]
2022-08-12 22:21:17.526  WARN 83608 --- [    Test worker] JpaBaseConfiguration$JpaWebConfiguration : spring.jpa.open-in-view is enabled by default. Therefore, database queries may be performed during view rendering. Explicitly configure spring.jpa.open-in-view to disable this warning
2022-08-12 22:21:17.555  INFO 83608 --- [    Test worker] o.s.b.a.w.s.WelcomePageHandlerMapping    : Adding welcome page template: index
2022-08-12 22:21:17.611  INFO 83608 --- [    Test worker] o.s.b.w.embedded.tomcat.TomcatWebServer  : Tomcat started on port(s): 51736 (http) with context path ''
2022-08-12 22:21:17.613  INFO 83608 --- [    Test worker] s.a.ScheduledAnnotationBeanPostProcessor : No TaskScheduler/ScheduledExecutorService bean found for scheduled processing
2022-08-12 22:21:17.613  INFO 83608 --- [    Test worker] c.e.s.web.IndexControllerTest            : Started IndexControllerTest in 0.511 seconds (JVM running for 3.285)
2022-08-12 22:21:17.645  INFO 83608 --- [o-auto-1-exec-1] o.a.c.c.C.[Tomcat].[localhost].[/]       : Initializing Spring DispatcherServlet 'dispatcherServlet'
2022-08-12 22:21:17.645  INFO 83608 --- [o-auto-1-exec-1] o.s.web.servlet.DispatcherServlet        : Initializing Servlet 'dispatcherServlet'
2022-08-12 22:21:17.646  INFO 83608 --- [o-auto-1-exec-1] o.s.web.servlet.DispatcherServlet        : Completed initialization in 1 ms
Hibernate: select posts0_.id as id1_0_, posts0_.created_date as created_2_0_, posts0_.modified_date as modified3_0_, posts0_.author as author4_0_, posts0_.content as content5_0_, posts0_.title as title6_0_ from posts posts0_ order by posts0_.id desc
]]></system-out>
  <system-err><![CDATA[]]></system-err>
</testsuite>
