<?xml version="1.0" encoding="UTF-8"?>
<testsuite name="com.example.springbootwebservice.web.HelloControllerTest" tests="2" skipped="0" failures="0" errors="0" timestamp="2022-08-12T12:21:03" hostname="YUNs-MacBookPro.local" time="0.064">
  <properties/>
  <testcase name="hello가_리턴된다()" classname="com.example.springbootwebservice.web.HelloControllerTest" time="0.028"/>
  <testcase name="helloDto가_리턴된다()" classname="com.example.springbootwebservice.web.HelloControllerTest" time="0.035"/>
  <system-out><![CDATA[2022-08-12 21:21:03.212  INFO 58331 --- [    Test worker] .b.t.a.w.s.WebMvcTestContextBootstrapper : Neither @ContextConfiguration nor @ContextHierarchy found for test class [com.example.springbootwebservice.web.HelloControllerTest], using SpringBootContextLoader
2022-08-12 21:21:03.213  INFO 58331 --- [    Test worker] o.s.t.c.support.AbstractContextLoader    : Could not detect default resource locations for test class [com.example.springbootwebservice.web.HelloControllerTest]: no resource found for suffixes {-context.xml, Context.groovy}.
2022-08-12 21:21:03.213  INFO 58331 --- [    Test worker] t.c.s.AnnotationConfigContextLoaderUtils : Could not detect default configuration classes for test class [com.example.springbootwebservice.web.HelloControllerTest]: HelloControllerTest does not declare any static, non-private, non-final, nested classes annotated with @Configuration.
2022-08-12 21:21:03.220  INFO 58331 --- [    Test worker] .b.t.c.SpringBootTestContextBootstrapper : Found @SpringBootConfiguration com.example.springbootwebservice.SpringBootWebserviceApplication for test class com.example.springbootwebservice.web.HelloControllerTest
2022-08-12 21:21:03.221  INFO 58331 --- [    Test worker] .b.t.a.w.s.WebMvcTestContextBootstrapper : Loaded default TestExecutionListener class names from location [META-INF/spring.factories]: [org.springframework.security.test.context.support.WithSecurityContextTestExecutionListener, org.springframework.security.test.context.support.ReactorContextTestExecutionListener, org.springframework.boot.test.autoconfigure.restdocs.RestDocsTestExecutionListener, org.springframework.boot.test.autoconfigure.web.client.MockRestServiceServerResetTestExecutionListener, org.springframework.boot.test.autoconfigure.web.servlet.MockMvcPrintOnlyOnFailureTestExecutionListener, org.springframework.boot.test.autoconfigure.web.servlet.WebDriverTestExecutionListener, org.springframework.boot.test.autoconfigure.webservices.client.MockWebServiceServerTestExecutionListener, org.springframework.boot.test.mock.mockito.MockitoTestExecutionListener, org.springframework.boot.test.mock.mockito.ResetMocksTestExecutionListener, org.springframework.test.context.web.ServletTestExecutionListener, org.springframework.test.context.support.DirtiesContextBeforeModesTestExecutionListener, org.springframework.test.context.event.ApplicationEventsTestExecutionListener, org.springframework.test.context.support.DependencyInjectionTestExecutionListener, org.springframework.test.context.support.DirtiesContextTestExecutionListener, org.springframework.test.context.transaction.TransactionalTestExecutionListener, org.springframework.test.context.jdbc.SqlScriptsTestExecutionListener, org.springframework.test.context.event.EventPublishingTestExecutionListener]
2022-08-12 21:21:03.221  INFO 58331 --- [    Test worker] .b.t.a.w.s.WebMvcTestContextBootstrapper : Using TestExecutionListeners: [org.springframework.test.context.web.ServletTestExecutionListener@3c89fdd8, org.springframework.test.context.support.DirtiesContextBeforeModesTestExecutionListener@665c79a2, org.springframework.test.context.event.ApplicationEventsTestExecutionListener@3e79473d, org.springframework.boot.test.mock.mockito.MockitoTestExecutionListener@2e895acb, org.springframework.boot.test.autoconfigure.SpringBootDependencyInjectionTestExecutionListener@5d1d05ff, org.springframework.test.context.support.DirtiesContextTestExecutionListener@5889e697, org.springframework.test.context.transaction.TransactionalTestExecutionListener@2c3d1214, org.springframework.test.context.jdbc.SqlScriptsTestExecutionListener@48064a5a, org.springframework.security.test.context.support.WithSecurityContextTestExecutionListener@7d018c58, org.springframework.test.context.event.EventPublishingTestExecutionListener@6a2b6031, org.springframework.security.test.context.support.ReactorContextTestExecutionListener@2e4262d2, org.springframework.boot.test.autoconfigure.restdocs.RestDocsTestExecutionListener@546ca9da, org.springframework.boot.test.autoconfigure.web.client.MockRestServiceServerResetTestExecutionListener@257e8c43, org.springframework.boot.test.autoconfigure.web.servlet.MockMvcPrintOnlyOnFailureTestExecutionListener@14e54a35, org.springframework.boot.test.autoconfigure.web.servlet.WebDriverTestExecutionListener@298cfe89, org.springframework.boot.test.autoconfigure.webservices.client.MockWebServiceServerTestExecutionListener@189fb01b, org.springframework.boot.test.mock.mockito.ResetMocksTestExecutionListener@49522bdf]

  .   ____          _            __ _ _
 /\\ / ___'_ __ _ _(_)_ __  __ _ \ \ \ \
( ( )\___ | '_ | '_| | '_ \/ _` | \ \ \ \
 \\/  ___)| |_)| | | | | || (_| |  ) ) ) )
  '  |____| .__|_| |_|_| |_\__, | / / / /
 =========|_|==============|___/=/_/_/_/
 :: Spring Boot ::                (v2.7.2)

2022-08-12 21:21:03.230  INFO 58331 --- [    Test worker] c.e.s.web.HelloControllerTest            : Starting HelloControllerTest using Java 18.0.2 on YUNs-MacBookPro.local with PID 58331 (started by yun in /Users/yun/Desktop/YUN/spring-boot-webservice)
2022-08-12 21:21:03.231  INFO 58331 --- [    Test worker] c.e.s.web.HelloControllerTest            : The following 1 profile is active: "oauth"
2022-08-12 21:21:03.343  INFO 58331 --- [    Test worker] o.s.b.a.w.s.WelcomePageHandlerMapping    : Adding welcome page template: index
2022-08-12 21:21:03.421  INFO 58331 --- [    Test worker] o.s.s.web.DefaultSecurityFilterChain     : Will secure any request with [org.springframework.security.web.session.DisableEncodeUrlFilter@63e0c744, org.springframework.security.web.context.request.async.WebAsyncManagerIntegrationFilter@445d4517, org.springframework.security.web.context.SecurityContextPersistenceFilter@42ceb67f, org.springframework.security.web.header.HeaderWriterFilter@37596b44, org.springframework.security.web.csrf.CsrfFilter@3380313d, org.springframework.security.web.authentication.logout.LogoutFilter@221961f2, org.springframework.security.oauth2.client.web.OAuth2AuthorizationRequestRedirectFilter@63437af4, org.springframework.security.oauth2.client.web.OAuth2AuthorizationRequestRedirectFilter@6c7bc8ac, org.springframework.security.oauth2.client.web.OAuth2LoginAuthenticationFilter@33f059ad, org.springframework.security.web.authentication.ui.DefaultLoginPageGeneratingFilter@653c0c9c, org.springframework.security.web.authentication.ui.DefaultLogoutPageGeneratingFilter@3284f91f, org.springframework.security.web.savedrequest.RequestCacheAwareFilter@52e44f71, org.springframework.security.web.servletapi.SecurityContextHolderAwareRequestFilter@2e1b1d22, org.springframework.security.web.authentication.AnonymousAuthenticationFilter@125bc00d, org.springframework.security.oauth2.client.web.OAuth2AuthorizationCodeGrantFilter@5e7fc012, org.springframework.security.web.session.SessionManagementFilter@29ec5005, org.springframework.security.web.access.ExceptionTranslationFilter@5e2ab1c, org.springframework.security.web.access.intercept.FilterSecurityInterceptor@5bb24266]
2022-08-12 21:21:03.449  INFO 58331 --- [    Test worker] o.s.b.t.m.w.SpringBootMockServletContext : Initializing Spring TestDispatcherServlet ''
2022-08-12 21:21:03.449  INFO 58331 --- [    Test worker] o.s.t.web.servlet.TestDispatcherServlet  : Initializing Servlet ''
2022-08-12 21:21:03.450  INFO 58331 --- [    Test worker] o.s.t.web.servlet.TestDispatcherServlet  : Completed initialization in 1 ms
2022-08-12 21:21:03.455  INFO 58331 --- [    Test worker] c.e.s.web.HelloControllerTest            : Started HelloControllerTest in 0.232 seconds (JVM running for 2.604)
]]></system-out>
  <system-err><![CDATA[]]></system-err>
</testsuite>
