<?xml version="1.0" encoding="UTF-8"?>
<testsuite name="com.example.springbootwebservice.web.HelloControllerTest" tests="2" skipped="0" failures="0" errors="0" timestamp="2022-08-12T13:21:17" hostname="YUNs-MacBookPro.local" time="0.063">
  <properties/>
  <testcase name="hello가_리턴된다()" classname="com.example.springbootwebservice.web.HelloControllerTest" time="0.03"/>
  <testcase name="helloDto가_리턴된다()" classname="com.example.springbootwebservice.web.HelloControllerTest" time="0.032"/>
  <system-out><![CDATA[2022-08-12 22:21:16.818  INFO 83608 --- [    Test worker] .b.t.a.w.s.WebMvcTestContextBootstrapper : Neither @ContextConfiguration nor @ContextHierarchy found for test class [com.example.springbootwebservice.web.HelloControllerTest], using SpringBootContextLoader
2022-08-12 22:21:16.818  INFO 83608 --- [    Test worker] o.s.t.c.support.AbstractContextLoader    : Could not detect default resource locations for test class [com.example.springbootwebservice.web.HelloControllerTest]: no resource found for suffixes {-context.xml, Context.groovy}.
2022-08-12 22:21:16.818  INFO 83608 --- [    Test worker] t.c.s.AnnotationConfigContextLoaderUtils : Could not detect default configuration classes for test class [com.example.springbootwebservice.web.HelloControllerTest]: HelloControllerTest does not declare any static, non-private, non-final, nested classes annotated with @Configuration.
2022-08-12 22:21:16.826  INFO 83608 --- [    Test worker] .b.t.c.SpringBootTestContextBootstrapper : Found @SpringBootConfiguration com.example.springbootwebservice.SpringBootWebserviceApplication for test class com.example.springbootwebservice.web.HelloControllerTest
2022-08-12 22:21:16.827  INFO 83608 --- [    Test worker] .b.t.a.w.s.WebMvcTestContextBootstrapper : Loaded default TestExecutionListener class names from location [META-INF/spring.factories]: [org.springframework.security.test.context.support.WithSecurityContextTestExecutionListener, org.springframework.security.test.context.support.ReactorContextTestExecutionListener, org.springframework.boot.test.autoconfigure.restdocs.RestDocsTestExecutionListener, org.springframework.boot.test.autoconfigure.web.client.MockRestServiceServerResetTestExecutionListener, org.springframework.boot.test.autoconfigure.web.servlet.MockMvcPrintOnlyOnFailureTestExecutionListener, org.springframework.boot.test.autoconfigure.web.servlet.WebDriverTestExecutionListener, org.springframework.boot.test.autoconfigure.webservices.client.MockWebServiceServerTestExecutionListener, org.springframework.boot.test.mock.mockito.MockitoTestExecutionListener, org.springframework.boot.test.mock.mockito.ResetMocksTestExecutionListener, org.springframework.test.context.web.ServletTestExecutionListener, org.springframework.test.context.support.DirtiesContextBeforeModesTestExecutionListener, org.springframework.test.context.event.ApplicationEventsTestExecutionListener, org.springframework.test.context.support.DependencyInjectionTestExecutionListener, org.springframework.test.context.support.DirtiesContextTestExecutionListener, org.springframework.test.context.transaction.TransactionalTestExecutionListener, org.springframework.test.context.jdbc.SqlScriptsTestExecutionListener, org.springframework.test.context.event.EventPublishingTestExecutionListener]
2022-08-12 22:21:16.827  INFO 83608 --- [    Test worker] .b.t.a.w.s.WebMvcTestContextBootstrapper : Using TestExecutionListeners: [org.springframework.test.context.web.ServletTestExecutionListener@1df60140, org.springframework.test.context.support.DirtiesContextBeforeModesTestExecutionListener@62d4dac4, org.springframework.test.context.event.ApplicationEventsTestExecutionListener@11efa76e, org.springframework.boot.test.mock.mockito.MockitoTestExecutionListener@35c83c56, org.springframework.boot.test.autoconfigure.SpringBootDependencyInjectionTestExecutionListener@1899c7ae, org.springframework.test.context.support.DirtiesContextTestExecutionListener@5cdf2c83, org.springframework.test.context.transaction.TransactionalTestExecutionListener@30e734a1, org.springframework.test.context.jdbc.SqlScriptsTestExecutionListener@44b99467, org.springframework.security.test.context.support.WithSecurityContextTestExecutionListener@124b8fe9, org.springframework.test.context.event.EventPublishingTestExecutionListener@37d50217, org.springframework.security.test.context.support.ReactorContextTestExecutionListener@3e9e7a70, org.springframework.boot.test.autoconfigure.restdocs.RestDocsTestExecutionListener@360ccb68, org.springframework.boot.test.autoconfigure.web.client.MockRestServiceServerResetTestExecutionListener@78762e87, org.springframework.boot.test.autoconfigure.web.servlet.MockMvcPrintOnlyOnFailureTestExecutionListener@672c4e24, org.springframework.boot.test.autoconfigure.web.servlet.WebDriverTestExecutionListener@2aacf54b, org.springframework.boot.test.autoconfigure.webservices.client.MockWebServiceServerTestExecutionListener@7a2b3cfd, org.springframework.boot.test.mock.mockito.ResetMocksTestExecutionListener@33602729]

  .   ____          _            __ _ _
 /\\ / ___'_ __ _ _(_)_ __  __ _ \ \ \ \
( ( )\___ | '_ | '_| | '_ \/ _` | \ \ \ \
 \\/  ___)| |_)| | | | | || (_| |  ) ) ) )
  '  |____| .__|_| |_|_| |_\__, | / / / /
 =========|_|==============|___/=/_/_/_/
 :: Spring Boot ::                (v2.7.2)

2022-08-12 22:21:16.837  INFO 83608 --- [    Test worker] c.e.s.web.HelloControllerTest            : Starting HelloControllerTest using Java 18.0.2 on YUNs-MacBookPro.local with PID 83608 (started by yun in /Users/yun/Desktop/YUN/spring-boot-webservice)
2022-08-12 22:21:16.837  INFO 83608 --- [    Test worker] c.e.s.web.HelloControllerTest            : The following 1 profile is active: "oauth"
2022-08-12 22:21:16.946  INFO 83608 --- [    Test worker] o.s.b.a.w.s.WelcomePageHandlerMapping    : Adding welcome page template: index
2022-08-12 22:21:17.006  INFO 83608 --- [    Test worker] o.s.s.web.DefaultSecurityFilterChain     : Will secure any request with [org.springframework.security.web.session.DisableEncodeUrlFilter@17a756db, org.springframework.security.web.context.request.async.WebAsyncManagerIntegrationFilter@2d10160a, org.springframework.security.web.context.SecurityContextPersistenceFilter@624baf71, org.springframework.security.web.header.HeaderWriterFilter@3ce4b0a8, org.springframework.security.web.csrf.CsrfFilter@394a7390, org.springframework.security.web.authentication.logout.LogoutFilter@533165e7, org.springframework.security.oauth2.client.web.OAuth2AuthorizationRequestRedirectFilter@6cb2d5ea, org.springframework.security.oauth2.client.web.OAuth2AuthorizationRequestRedirectFilter@2e9bff08, org.springframework.security.oauth2.client.web.OAuth2LoginAuthenticationFilter@3ed1446c, org.springframework.security.web.authentication.ui.DefaultLoginPageGeneratingFilter@509e4d53, org.springframework.security.web.authentication.ui.DefaultLogoutPageGeneratingFilter@157ff8f8, org.springframework.security.web.savedrequest.RequestCacheAwareFilter@70799ca7, org.springframework.security.web.servletapi.SecurityContextHolderAwareRequestFilter@690113f0, org.springframework.security.web.authentication.AnonymousAuthenticationFilter@4a1abba1, org.springframework.security.oauth2.client.web.OAuth2AuthorizationCodeGrantFilter@6b26839d, org.springframework.security.web.session.SessionManagementFilter@738955e6, org.springframework.security.web.access.ExceptionTranslationFilter@56589f00, org.springframework.security.web.access.intercept.FilterSecurityInterceptor@2d2afbdf]
2022-08-12 22:21:17.027  INFO 83608 --- [    Test worker] o.s.b.t.m.w.SpringBootMockServletContext : Initializing Spring TestDispatcherServlet ''
2022-08-12 22:21:17.027  INFO 83608 --- [    Test worker] o.s.t.web.servlet.TestDispatcherServlet  : Initializing Servlet ''
2022-08-12 22:21:17.027  INFO 83608 --- [    Test worker] o.s.t.web.servlet.TestDispatcherServlet  : Completed initialization in 0 ms
2022-08-12 22:21:17.033  INFO 83608 --- [    Test worker] c.e.s.web.HelloControllerTest            : Started HelloControllerTest in 0.204 seconds (JVM running for 2.705)
]]></system-out>
  <system-err><![CDATA[]]></system-err>
</testsuite>
