<?xml version="1.0" encoding="UTF-8"?>
<testsuite name="com.example.springbootwebservice.domain.posts.PostsRepositoryTest" tests="2" skipped="0" failures="0" errors="0" timestamp="2022-08-12T13:21:16" hostname="YUNs-MacBookPro.local" time="0.088">
  <properties/>
  <testcase name="게시글저장_불러오기()" classname="com.example.springbootwebservice.domain.posts.PostsRepositoryTest" time="0.078"/>
  <testcase name="BaseTimeEntity_등록()" classname="com.example.springbootwebservice.domain.posts.PostsRepositoryTest" time="0.009"/>
  <system-out><![CDATA[2022-08-12 22:21:16.721  INFO 83608 --- [    Test worker] .b.t.c.SpringBootTestContextBootstrapper : Neither @ContextConfiguration nor @ContextHierarchy found for test class [com.example.springbootwebservice.domain.posts.PostsRepositoryTest], using SpringBootContextLoader
2022-08-12 22:21:16.721  INFO 83608 --- [    Test worker] o.s.t.c.support.AbstractContextLoader    : Could not detect default resource locations for test class [com.example.springbootwebservice.domain.posts.PostsRepositoryTest]: no resource found for suffixes {-context.xml, Context.groovy}.
2022-08-12 22:21:16.721  INFO 83608 --- [    Test worker] t.c.s.AnnotationConfigContextLoaderUtils : Could not detect default configuration classes for test class [com.example.springbootwebservice.domain.posts.PostsRepositoryTest]: PostsRepositoryTest does not declare any static, non-private, non-final, nested classes annotated with @Configuration.
2022-08-12 22:21:16.724  INFO 83608 --- [    Test worker] .b.t.c.SpringBootTestContextBootstrapper : Found @SpringBootConfiguration com.example.springbootwebservice.SpringBootWebserviceApplication for test class com.example.springbootwebservice.domain.posts.PostsRepositoryTest
2022-08-12 22:21:16.724  INFO 83608 --- [    Test worker] .b.t.c.SpringBootTestContextBootstrapper : Loaded default TestExecutionListener class names from location [META-INF/spring.factories]: [org.springframework.security.test.context.support.WithSecurityContextTestExecutionListener, org.springframework.security.test.context.support.ReactorContextTestExecutionListener, org.springframework.boot.test.autoconfigure.restdocs.RestDocsTestExecutionListener, org.springframework.boot.test.autoconfigure.web.client.MockRestServiceServerResetTestExecutionListener, org.springframework.boot.test.autoconfigure.web.servlet.MockMvcPrintOnlyOnFailureTestExecutionListener, org.springframework.boot.test.autoconfigure.web.servlet.WebDriverTestExecutionListener, org.springframework.boot.test.autoconfigure.webservices.client.MockWebServiceServerTestExecutionListener, org.springframework.boot.test.mock.mockito.MockitoTestExecutionListener, org.springframework.boot.test.mock.mockito.ResetMocksTestExecutionListener, org.springframework.test.context.web.ServletTestExecutionListener, org.springframework.test.context.support.DirtiesContextBeforeModesTestExecutionListener, org.springframework.test.context.event.ApplicationEventsTestExecutionListener, org.springframework.test.context.support.DependencyInjectionTestExecutionListener, org.springframework.test.context.support.DirtiesContextTestExecutionListener, org.springframework.test.context.transaction.TransactionalTestExecutionListener, org.springframework.test.context.jdbc.SqlScriptsTestExecutionListener, org.springframework.test.context.event.EventPublishingTestExecutionListener]
2022-08-12 22:21:16.724  INFO 83608 --- [    Test worker] .b.t.c.SpringBootTestContextBootstrapper : Using TestExecutionListeners: [org.springframework.test.context.web.ServletTestExecutionListener@313a3af8, org.springframework.test.context.support.DirtiesContextBeforeModesTestExecutionListener@19240b9, org.springframework.test.context.event.ApplicationEventsTestExecutionListener@5471342, org.springframework.boot.test.mock.mockito.MockitoTestExecutionListener@2e1003d9, org.springframework.boot.test.autoconfigure.SpringBootDependencyInjectionTestExecutionListener@4e9d1119, org.springframework.test.context.support.DirtiesContextTestExecutionListener@5d1907fb, org.springframework.test.context.transaction.TransactionalTestExecutionListener@6079d219, org.springframework.test.context.jdbc.SqlScriptsTestExecutionListener@4ed90b04, org.springframework.security.test.context.support.WithSecurityContextTestExecutionListener@686ace1f, org.springframework.test.context.event.EventPublishingTestExecutionListener@7dd92a36, org.springframework.security.test.context.support.ReactorContextTestExecutionListener@531ed68e, org.springframework.boot.test.autoconfigure.restdocs.RestDocsTestExecutionListener@551976c2, org.springframework.boot.test.autoconfigure.web.client.MockRestServiceServerResetTestExecutionListener@6bbd4048, org.springframework.boot.test.autoconfigure.web.servlet.MockMvcPrintOnlyOnFailureTestExecutionListener@5f815f93, org.springframework.boot.test.autoconfigure.web.servlet.WebDriverTestExecutionListener@7a8e484b, org.springframework.boot.test.autoconfigure.webservices.client.MockWebServiceServerTestExecutionListener@643f8ebe, org.springframework.boot.test.mock.mockito.ResetMocksTestExecutionListener@65013d71]
Hibernate: insert into posts (created_date, modified_date, author, content, title) values (?, ?, ?, ?, ?)
Hibernate: select posts0_.id as id1_0_, posts0_.created_date as created_2_0_, posts0_.modified_date as modified3_0_, posts0_.author as author4_0_, posts0_.content as content5_0_, posts0_.title as title6_0_ from posts posts0_
Hibernate: select posts0_.id as id1_0_, posts0_.created_date as created_2_0_, posts0_.modified_date as modified3_0_, posts0_.author as author4_0_, posts0_.content as content5_0_, posts0_.title as title6_0_ from posts posts0_
Hibernate: delete from posts where id=?
Hibernate: insert into posts (created_date, modified_date, author, content, title) values (?, ?, ?, ?, ?)
Hibernate: select posts0_.id as id1_0_, posts0_.created_date as created_2_0_, posts0_.modified_date as modified3_0_, posts0_.author as author4_0_, posts0_.content as content5_0_, posts0_.title as title6_0_ from posts posts0_
>>>>>>>>>>>>>>>>>>>>> createdate = 2022-08-12T22:21:16.807117, modifiedDate = 2022-08-12T22:21:16.807117
Hibernate: select posts0_.id as id1_0_, posts0_.created_date as created_2_0_, posts0_.modified_date as modified3_0_, posts0_.author as author4_0_, posts0_.content as content5_0_, posts0_.title as title6_0_ from posts posts0_
Hibernate: delete from posts where id=?
]]></system-out>
  <system-err><![CDATA[]]></system-err>
</testsuite>
